{"level":"info","message":"⌛ Building environment","timeElapsed":298,"timestamp":"2024-09-23T23:59:23.825Z"}
{"level":"info","message":"⌛ Validating src/pepitaGame.wpgm","timeElapsed":349,"timestamp":"2024-09-23T23:59:24.443Z"}
{"level":"info","message":"⌛ Building environment","timeElapsed":256,"timestamp":"2024-09-23T23:59:24.443Z"}
{"level":"info","message":"⌛ Validating src/pepitaGame.wpgm","timeElapsed":401,"timestamp":"2024-09-23T23:59:24.847Z"}
{"level":"info","message":"⌛ Building environment","timeElapsed":296,"timestamp":"2024-09-23T23:59:25.145Z"}
{"level":"info","message":"⌛ Building environment","timeElapsed":282,"timestamp":"2024-09-23T23:59:25.429Z"}
{"level":"info","message":"⌛ Building environment","timeElapsed":329,"timestamp":"2024-09-23T23:59:25.759Z"}
{"level":"info","message":"⌛ Validating src/pepitaGame.wpgm","timeElapsed":342,"timestamp":"2024-09-23T23:59:26.104Z"}
{"level":"info","message":"⌛ Building environment","timeElapsed":298,"timestamp":"2024-09-23T23:59:26.402Z"}
{"level":"info","message":"⌛ Building environment","timeElapsed":915,"timestamp":"2024-09-23T23:59:27.331Z"}
{"level":"info","message":"⌛ Validating src/pepitaGame.wpgm","timeElapsed":299,"timestamp":"2024-09-23T23:59:27.631Z"}
{"level":"info","message":"⌛ Building environment","timeElapsed":203,"timestamp":"2024-09-23T23:59:27.838Z"}
{"level":"info","message":"⌛ Validating src/pepitaGame.wpgm","timeElapsed":345,"timestamp":"2024-09-23T23:59:28.183Z"}
{"level":"info","message":"⌛ Validating src/pepitaGame.wpgm","timeElapsed":314,"timestamp":"2024-09-23T23:59:28.512Z"}
{"level":"info","message":"⌛ Validating src/pepitaGame.wpgm","timeElapsed":321,"timestamp":"2024-09-23T23:59:28.833Z"}
{"level":"info","message":"⌛ Validating src/pepitaGame.wpgm","timeElapsed":299,"timestamp":"2024-09-23T23:59:29.133Z"}
{"level":"info","message":"⌛ Validating src/pepitaGame.wpgm","timeElapsed":305,"timestamp":"2024-09-23T23:59:29.439Z"}
{"level":"info","message":"⌛ Validating src/pepitaGame.wpgm","timeElapsed":300,"timestamp":"2024-09-23T23:59:29.739Z"}
{"level":"info","message":"⌛ Validating src/pepitaGame.wpgm","timeElapsed":320,"timestamp":"2024-09-23T23:59:30.060Z"}
{"level":"info","message":"⌛ Validating src/pepitaGame.wpgm","timeElapsed":412,"timestamp":"2024-09-23T23:59:30.474Z"}
{"level":"info","message":"⌛ Validating src/pepitaGame.wpgm","timeElapsed":399,"timestamp":"2024-09-23T23:59:30.874Z"}
{"level":"info","message":"⌛ Validating src/pepitaGame.wpgm","timeElapsed":363,"timestamp":"2024-09-23T23:59:31.238Z"}
{"level":"info","message":"⌛ Validating src/pepitaGame.wpgm","timeElapsed":343,"timestamp":"2024-09-23T23:59:31.582Z"}
{"level":"info","message":"⌛ Validating src/pepitaGame.wpgm","timeElapsed":301,"timestamp":"2024-09-23T23:59:31.885Z"}
{"level":"info","message":"⌛ Validating src/pepitaGame.wpgm","timeElapsed":286,"timestamp":"2024-09-23T23:59:32.207Z"}
{"level":"info","message":"⌛ Validating src/pepitaGame.wpgm","timeElapsed":268,"timestamp":"2024-09-23T23:59:32.475Z"}
{"level":"info","message":"⌛ Validating src/pepitaGame.wpgm","timeElapsed":296,"timestamp":"2024-09-23T23:59:32.771Z"}
{"level":"info","message":"⌛ Validating src/pepitaGame.wpgm","timeElapsed":297,"timestamp":"2024-09-23T23:59:33.068Z"}
{"level":"info","message":"⌛ Validating src/pepitaGame.wpgm","timeElapsed":264,"timestamp":"2024-09-23T23:59:33.333Z"}
{"level":"info","message":"⌛ Validating src/pepitaGame.wpgm","timeElapsed":248,"timestamp":"2024-09-23T23:59:33.582Z"}
{"level":"info","message":"⌛ Validating src/pepitaGame.wpgm","timeElapsed":254,"timestamp":"2024-09-23T23:59:33.870Z"}
{"level":"info","message":"⌛ Validating src/pepitaGame.wpgm","timeElapsed":239,"timestamp":"2024-09-23T23:59:34.142Z"}
{"level":"info","message":"⌛ Validating src/pepitaGame.wpgm","timeElapsed":231,"timestamp":"2024-09-23T23:59:34.374Z"}
{"level":"info","message":"⌛ Validating src/pepitaGame.wpgm","timeElapsed":225,"timestamp":"2024-09-23T23:59:34.599Z"}
{"level":"info","message":"⌛ Validating src/pepitaGame.wpgm","timeElapsed":231,"timestamp":"2024-09-23T23:59:34.831Z"}
{"level":"info","message":"⌛ Validating src/pepitaGame.wpgm","timeElapsed":232,"timestamp":"2024-09-23T23:59:35.063Z"}
{"level":"info","message":"⌛ Validating src/pepitaGame.wpgm","timeElapsed":225,"timestamp":"2024-09-23T23:59:35.289Z"}
{"level":"info","message":"⌛ Validating src/pepitaGame.wpgm","timeElapsed":211,"timestamp":"2024-09-23T23:59:35.500Z"}
{"level":"info","message":"⌛ Validating src/pepitaGame.wpgm","timeElapsed":220,"timestamp":"2024-09-23T23:59:35.721Z"}
{"level":"info","message":"⌛ Validating src/pepitaGame.wpgm","timeElapsed":218,"timestamp":"2024-09-23T23:59:35.939Z"}
{"level":"info","message":"⌛ Validating src/pepitaGame.wpgm","timeElapsed":218,"timestamp":"2024-09-23T23:59:36.157Z"}
{"level":"info","message":"⌛ Validating src/pepitaGame.wpgm","timeElapsed":215,"timestamp":"2024-09-23T23:59:36.373Z"}
{"level":"info","message":"⌛ Validating src/pepitaGame.wpgm","timeElapsed":224,"timestamp":"2024-09-23T23:59:36.597Z"}
{"level":"info","message":"⌛ Validating src/pepitaGame.wpgm","timeElapsed":219,"timestamp":"2024-09-23T23:59:36.817Z"}
{"level":"info","message":"⌛ Validating src/pepitaGame.wpgm","timeElapsed":219,"timestamp":"2024-09-23T23:59:37.067Z"}
{"level":"info","message":"⌛ Validating src/pepitaGame.wpgm","timeElapsed":216,"timestamp":"2024-09-23T23:59:37.283Z"}
{"level":"info","message":"⌛ Validating src/pepitaGame.wpgm","timeElapsed":216,"timestamp":"2024-09-23T23:59:37.500Z"}
{"level":"info","message":"⌛ Validating src/pepitaGame.wpgm","timeElapsed":220,"timestamp":"2024-09-23T23:59:37.720Z"}
{"level":"info","message":"⌛ Validating src/pepitaGame.wpgm","timeElapsed":223,"timestamp":"2024-09-23T23:59:37.943Z"}
{"level":"info","message":"⌛ Validating src/pepitaGame.wpgm","timeElapsed":232,"timestamp":"2024-09-23T23:59:38.176Z"}
{"level":"info","message":"⌛ Validating src/pepitaGame.wpgm","timeElapsed":224,"timestamp":"2024-09-23T23:59:38.400Z"}
{"level":"info","message":"⌛ Validating src/pepitaGame.wpgm","timeElapsed":302,"timestamp":"2024-09-23T23:59:38.703Z"}
{"level":"info","message":"⌛ Validating src/pepitaGame.wpgm","timeElapsed":309,"timestamp":"2024-09-23T23:59:39.068Z"}
{"level":"info","message":"⌛ Validating src/pepitaGame.wpgm","timeElapsed":270,"timestamp":"2024-09-23T23:59:39.339Z"}
{"level":"info","message":"⌛ Validating src/pepitaGame.wpgm","timeElapsed":238,"timestamp":"2024-09-23T23:59:39.578Z"}
{"level":"info","message":"⌛ Validating src/pepitaGame.wpgm","timeElapsed":282,"timestamp":"2024-09-23T23:59:39.863Z"}
{"level":"info","message":"⌛ Validating src/pepitaGame.wpgm","timeElapsed":314,"timestamp":"2024-09-23T23:59:40.178Z"}
{"level":"info","message":"⌛ Validating src/pepitaGame.wpgm","timeElapsed":284,"timestamp":"2024-09-23T23:59:40.464Z"}
{"level":"info","message":"⌛ Validating src/pepitaGame.wpgm","timeElapsed":248,"timestamp":"2024-09-23T23:59:40.749Z"}
{"level":"info","message":"⌛ Validating src/pepitaGame.wpgm","timeElapsed":253,"timestamp":"2024-09-23T23:59:41.002Z"}
{"level":"info","message":"⌛ Validating src/pepitaGame.wpgm","timeElapsed":253,"timestamp":"2024-09-23T23:59:41.256Z"}
{"level":"info","message":"⌛ Validating src/pepitaGame.wpgm","timeElapsed":252,"timestamp":"2024-09-23T23:59:41.509Z"}
{"level":"info","message":"⌛ Validating src/pepitaGame.wpgm","timeElapsed":351,"timestamp":"2024-09-23T23:59:41.861Z"}
{"level":"info","message":"⌛ Validating src/pepitaGame.wpgm","timeElapsed":300,"timestamp":"2024-09-23T23:59:42.162Z"}
{"level":"info","message":"⌛ Validating src/pepitaGame.wpgm","timeElapsed":261,"timestamp":"2024-09-23T23:59:42.422Z"}
{"level":"info","message":"⌛ Validating src/pepitaGame.wpgm","timeElapsed":252,"timestamp":"2024-09-23T23:59:42.675Z"}
{"level":"info","message":"⌛ Validating src/pepitaGame.wpgm","timeElapsed":245,"timestamp":"2024-09-23T23:59:42.919Z"}
{"level":"info","message":"⌛ Validating src/pepitaGame.wpgm","timeElapsed":264,"timestamp":"2024-09-23T23:59:43.184Z"}
{"level":"info","message":"⌛ Validating src/pepitaGame.wpgm","timeElapsed":239,"timestamp":"2024-09-23T23:59:43.423Z"}
{"level":"info","message":"⌛ Validating src/pepitaGame.wpgm","timeElapsed":213,"timestamp":"2024-09-23T23:59:43.637Z"}
{"level":"info","message":"⌛ Validating src/pepitaGame.wpgm","timeElapsed":220,"timestamp":"2024-09-23T23:59:43.857Z"}
{"level":"info","message":"⌛ Validating src/pepitaGame.wpgm","timeElapsed":231,"timestamp":"2024-09-23T23:59:44.089Z"}
{"level":"info","message":"⌛ Validating src/pepitaGame.wpgm","timeElapsed":226,"timestamp":"2024-09-23T23:59:44.348Z"}
{"level":"info","message":"⌛ Validating src/pepitaGame.wpgm","timeElapsed":222,"timestamp":"2024-09-23T23:59:44.570Z"}
{"level":"info","message":"⌛ Validating src/pepitaGame.wpgm","timeElapsed":216,"timestamp":"2024-09-23T23:59:44.786Z"}
{"level":"info","message":"⌛ Validating src/pepitaGame.wpgm","timeElapsed":224,"timestamp":"2024-09-23T23:59:45.011Z"}
{"level":"info","message":"⌛ Validating src/pepitaGame.wpgm","timeElapsed":204,"timestamp":"2024-09-23T23:59:45.216Z"}
{"level":"info","message":"⌛ Validating src/pepitaGame.wpgm","timeElapsed":207,"timestamp":"2024-09-23T23:59:45.423Z"}
{"level":"info","message":"⌛ Validating src/pepitaGame.wpgm","timeElapsed":214,"timestamp":"2024-09-23T23:59:45.637Z"}
{"level":"info","message":"⌛ Validating src/pepitaGame.wpgm","timeElapsed":205,"timestamp":"2024-09-23T23:59:45.843Z"}
{"level":"info","message":"⌛ Validating src/pepitaGame.wpgm","timeElapsed":206,"timestamp":"2024-09-23T23:59:46.049Z"}
{"level":"info","message":"⌛ Validating src/pepitaGame.wpgm","timeElapsed":205,"timestamp":"2024-09-23T23:59:46.255Z"}
{"level":"info","message":"⌛ Validating src/pepitaGame.wpgm","timeElapsed":217,"timestamp":"2024-09-23T23:59:46.472Z"}
{"level":"info","message":"⌛ Validating src/pepitaGame.wpgm","timeElapsed":229,"timestamp":"2024-09-23T23:59:46.702Z"}
{"level":"info","message":"⌛ Validating src/pepitaGame.wpgm","timeElapsed":223,"timestamp":"2024-09-23T23:59:46.925Z"}
{"level":"info","message":"⌛ Validating src/pepitaGame.wpgm","timeElapsed":227,"timestamp":"2024-09-23T23:59:47.152Z"}
{"level":"info","message":"⌛ Validating src/pepitaGame.wpgm","timeElapsed":218,"timestamp":"2024-09-23T23:59:47.397Z"}
{"level":"info","message":"⌛ Building environment","timeElapsed":147,"timestamp":"2024-09-23T23:59:47.546Z"}
{"level":"info","message":"⌛ Building environment","timeElapsed":152,"timestamp":"2024-09-23T23:59:47.699Z"}
{"level":"info","message":"⌛ Building environment","timeElapsed":880,"timestamp":"2024-09-23T23:59:48.587Z"}
{"level":"info","message":"⌛ Building environment","timeElapsed":195,"timestamp":"2024-09-23T23:59:48.825Z"}
{"level":"info","message":"⌛ Building environment","timeElapsed":190,"timestamp":"2024-09-23T23:59:49.027Z"}
{"level":"info","message":"⌛ Building environment","timeElapsed":206,"timestamp":"2024-09-23T23:59:49.235Z"}
{"level":"info","message":"⌛ Building environment","timeElapsed":773,"timestamp":"2024-09-23T23:59:50.015Z"}
{"level":"error","message":"✘ Failed to rebuild document Failed to parse src/extras.wlk: \n-- PARSING FAILED --------------------------------------------------\n\n  14 |     method\n  15 | \n> 16 | }\n     | ^\n  17 | \n  18 | object silvestre{\n\nExpected one of the following: \n\n'!=', '!==', '%', '&&', '*', '**', '+', '-', '->', '..', '..<', '/', '<', '<<', '<<<', '<=', '<=>', '<>', '==', '===', '>', '>..', '>=', '>>', '>>>', '?:', '@', 'and', 'class', 'const', 'describe', 'invert', 'mixin', 'negate', 'object', 'only', 'or', 'package', 'plus', 'program', 'test', 'var', '{', '||', EOF, comment, identifier, not \"}\n\n\", whitespace\n","stack":"Error: Failed to parse src/extras.wlk: \n-- PARSING FAILED --------------------------------------------------\n\n  14 |     method\n  15 | \n> 16 | }\n     | ^\n  17 | \n  18 | object silvestre{\n\nExpected one of the following: \n\n'!=', '!==', '%', '&&', '*', '**', '+', '-', '->', '..', '..<', '/', '<', '<<', '<<<', '<=', '<=>', '<>', '==', '===', '>', '>..', '>=', '>>', '>>>', '?:', '@', 'and', 'class', 'const', 'describe', 'invert', 'mixin', 'negate', 'object', 'only', 'or', 'package', 'plus', 'program', 'test', 'var', '{', '||', EOF, comment, identifier, not \"}\n\n\", whitespace\n\n    at /home/leo/.vscode/extensions/uqbar.wollok-lsp-ide-0.3.4/node_modules/wollok-ts/dist/index.js:54:19\n    at Array.map (<anonymous>)\n    at buildEnvironment (/home/leo/.vscode/extensions/uqbar.wollok-lsp-ide-0.3.4/node_modules/wollok-ts/dist/index.js:49:40)\n    at EnvironmentProvider.buildEnvironmentFrom (/home/leo/.vscode/extensions/uqbar.wollok-lsp-ide-0.3.4/server/out/utils/vm/environment.js:29:66)\n    at EnvironmentProvider.updateEnvironmentWith (/home/leo/.vscode/extensions/uqbar.wollok-lsp-ide-0.3.4/server/out/utils/vm/environment.js:19:37)\n    at rebuildTextDocument (/home/leo/.vscode/extensions/uqbar.wollok-lsp-ide-0.3.4/server/out/server.js:102:29)\n    at CallbackList.invoke (/home/leo/.vscode/extensions/uqbar.wollok-lsp-ide-0.3.4/server/node_modules/vscode-jsonrpc/lib/common/events.js:55:39)\n    at Emitter.fire (/home/leo/.vscode/extensions/uqbar.wollok-lsp-ide-0.3.4/server/node_modules/vscode-jsonrpc/lib/common/events.js:117:36)\n    at /home/leo/.vscode/extensions/uqbar.wollok-lsp-ide-0.3.4/server/node_modules/vscode-languageserver/lib/common/textDocuments.js:138:42\n    at handleNotification (/home/leo/.vscode/extensions/uqbar.wollok-lsp-ide-0.3.4/server/node_modules/vscode-jsonrpc/lib/common/connection.js:640:25)","timestamp":"2024-09-23T23:59:50.029Z"}
{"level":"error","message":"✘ Failed to rebuild document Failed to parse src/extras.wlk: \n-- PARSING FAILED --------------------------------------------------\n\n  14 |     method \n  15 | \n> 16 | }\n     | ^\n  17 | \n  18 | object silvestre{\n\nExpected one of the following: \n\n'!=', '!==', '%', '&&', '*', '**', '+', '-', '->', '..', '..<', '/', '<', '<<', '<<<', '<=', '<=>', '<>', '==', '===', '>', '>..', '>=', '>>', '>>>', '?:', '@', 'and', 'class', 'const', 'describe', 'invert', 'mixin', 'negate', 'object', 'only', 'or', 'package', 'plus', 'program', 'test', 'var', '{', '||', EOF, comment, identifier, not \"}\n\n\", whitespace\n","stack":"Error: Failed to parse src/extras.wlk: \n-- PARSING FAILED --------------------------------------------------\n\n  14 |     method \n  15 | \n> 16 | }\n     | ^\n  17 | \n  18 | object silvestre{\n\nExpected one of the following: \n\n'!=', '!==', '%', '&&', '*', '**', '+', '-', '->', '..', '..<', '/', '<', '<<', '<<<', '<=', '<=>', '<>', '==', '===', '>', '>..', '>=', '>>', '>>>', '?:', '@', 'and', 'class', 'const', 'describe', 'invert', 'mixin', 'negate', 'object', 'only', 'or', 'package', 'plus', 'program', 'test', 'var', '{', '||', EOF, comment, identifier, not \"}\n\n\", whitespace\n\n    at /home/leo/.vscode/extensions/uqbar.wollok-lsp-ide-0.3.4/node_modules/wollok-ts/dist/index.js:54:19\n    at Array.map (<anonymous>)\n    at buildEnvironment (/home/leo/.vscode/extensions/uqbar.wollok-lsp-ide-0.3.4/node_modules/wollok-ts/dist/index.js:49:40)\n    at EnvironmentProvider.buildEnvironmentFrom (/home/leo/.vscode/extensions/uqbar.wollok-lsp-ide-0.3.4/server/out/utils/vm/environment.js:29:66)\n    at EnvironmentProvider.updateEnvironmentWith (/home/leo/.vscode/extensions/uqbar.wollok-lsp-ide-0.3.4/server/out/utils/vm/environment.js:19:37)\n    at rebuildTextDocument (/home/leo/.vscode/extensions/uqbar.wollok-lsp-ide-0.3.4/server/out/server.js:102:29)\n    at CallbackList.invoke (/home/leo/.vscode/extensions/uqbar.wollok-lsp-ide-0.3.4/server/node_modules/vscode-jsonrpc/lib/common/events.js:55:39)\n    at Emitter.fire (/home/leo/.vscode/extensions/uqbar.wollok-lsp-ide-0.3.4/server/node_modules/vscode-jsonrpc/lib/common/events.js:117:36)\n    at /home/leo/.vscode/extensions/uqbar.wollok-lsp-ide-0.3.4/server/node_modules/vscode-languageserver/lib/common/textDocuments.js:138:42\n    at handleNotification (/home/leo/.vscode/extensions/uqbar.wollok-lsp-ide-0.3.4/server/node_modules/vscode-jsonrpc/lib/common/connection.js:640:25)","timestamp":"2024-09-23T23:59:50.047Z"}
{"level":"info","message":"⌛ Building environment","timeElapsed":219,"timestamp":"2024-09-23T23:59:50.267Z"}
{"level":"info","message":"⌛ Building environment","timeElapsed":245,"timestamp":"2024-09-23T23:59:50.513Z"}
{"level":"info","message":"⌛ Building environment","timeElapsed":256,"timestamp":"2024-09-23T23:59:50.782Z"}
{"level":"info","message":"⌛ Building environment","timeElapsed":270,"timestamp":"2024-09-23T23:59:51.054Z"}
{"level":"info","message":"⌛ Building environment","timeElapsed":264,"timestamp":"2024-09-23T23:59:51.320Z"}
{"level":"info","message":"⌛ Building environment","timeElapsed":259,"timestamp":"2024-09-23T23:59:51.588Z"}
{"level":"info","message":"⌛ Building environment","timeElapsed":347,"timestamp":"2024-09-23T23:59:51.936Z"}
{"level":"info","message":"⌛ Building environment","timeElapsed":214,"timestamp":"2024-09-23T23:59:52.151Z"}
{"level":"info","message":"⌛ Building environment","timeElapsed":390,"timestamp":"2024-09-23T23:59:52.542Z"}
{"level":"info","message":"⌛ Building environment","timeElapsed":278,"timestamp":"2024-09-23T23:59:52.843Z"}
{"level":"info","message":"⌛ Building environment","timeElapsed":275,"timestamp":"2024-09-23T23:59:53.140Z"}
{"level":"info","message":"⌛ Building environment","timeElapsed":255,"timestamp":"2024-09-23T23:59:53.396Z"}
{"level":"info","message":"⌛ Building environment","timeElapsed":217,"timestamp":"2024-09-23T23:59:53.614Z"}
{"level":"info","message":"⌛ Building environment","timeElapsed":208,"timestamp":"2024-09-23T23:59:53.823Z"}
{"level":"info","message":"⌛ Building environment","timeElapsed":221,"timestamp":"2024-09-23T23:59:54.045Z"}
{"level":"info","message":"⌛ Building environment","timeElapsed":223,"timestamp":"2024-09-23T23:59:54.279Z"}
{"level":"info","message":"⌛ Building environment","timeElapsed":202,"timestamp":"2024-09-23T23:59:54.493Z"}
{"level":"info","message":"⌛ Building environment","timeElapsed":218,"timestamp":"2024-09-23T23:59:54.721Z"}
{"level":"info","message":"⌛ Building environment","timeElapsed":236,"timestamp":"2024-09-23T23:59:54.960Z"}
{"level":"info","message":"⌛ Building environment","timeElapsed":489,"timestamp":"2024-09-23T23:59:55.463Z"}
{"level":"info","message":"⌛ Building environment","timeElapsed":239,"timestamp":"2024-09-23T23:59:55.724Z"}
{"level":"info","message":"⌛ Building environment","timeElapsed":287,"timestamp":"2024-09-23T23:59:56.012Z"}
{"level":"info","message":"⌛ Building environment","timeElapsed":231,"timestamp":"2024-09-23T23:59:56.255Z"}
{"level":"info","message":"⌛ Validating src/extras.wlk","timeElapsed":469,"timestamp":"2024-09-23T23:59:56.751Z"}
{"level":"info","message":"⌛ Validating src/extras.wlk","timeElapsed":408,"timestamp":"2024-09-23T23:59:57.160Z"}
{"level":"info","message":"⌛ Validating src/extras.wlk","timeElapsed":349,"timestamp":"2024-09-23T23:59:57.510Z"}
{"level":"info","message":"⌛ Validating src/extras.wlk","timeElapsed":358,"timestamp":"2024-09-23T23:59:57.868Z"}
{"level":"info","message":"⌛ Validating src/extras.wlk","timeElapsed":283,"timestamp":"2024-09-23T23:59:58.151Z"}
{"level":"info","message":"⌛ Validating src/extras.wlk","timeElapsed":343,"timestamp":"2024-09-23T23:59:58.494Z"}
{"level":"info","message":"⌛ Validating src/extras.wlk","timeElapsed":344,"timestamp":"2024-09-23T23:59:58.839Z"}
{"level":"info","message":"⌛ Validating src/extras.wlk","timeElapsed":270,"timestamp":"2024-09-23T23:59:59.111Z"}
{"level":"info","message":"⌛ Building environment","timeElapsed":193,"timestamp":"2024-09-23T23:59:59.305Z"}
{"level":"info","message":"⌛ Validating src/extras.wlk","timeElapsed":266,"timestamp":"2024-09-23T23:59:59.572Z"}
{"level":"info","message":"⌛ Building environment","timeElapsed":279,"timestamp":"2024-09-23T23:59:59.851Z"}
{"level":"info","message":"⌛ Validating src/extras.wlk","timeElapsed":365,"timestamp":"2024-09-24T00:00:00.229Z"}
{"level":"info","message":"⌛ Building environment","timeElapsed":242,"timestamp":"2024-09-24T00:00:00.482Z"}
{"level":"info","message":"⌛ Validating src/extras.wlk","timeElapsed":362,"timestamp":"2024-09-24T00:00:00.845Z"}
{"level":"info","message":"⌛ Validating src/extras.wlk","timeElapsed":318,"timestamp":"2024-09-24T00:00:01.177Z"}
{"level":"info","message":"⌛ Validating src/extras.wlk","timeElapsed":324,"timestamp":"2024-09-24T00:00:01.502Z"}
{"level":"info","message":"⌛ Validating src/extras.wlk","timeElapsed":287,"timestamp":"2024-09-24T00:00:01.789Z"}
{"level":"info","message":"⌛ Validating src/extras.wlk","timeElapsed":296,"timestamp":"2024-09-24T00:00:02.086Z"}
{"level":"info","message":"⌛ Validating src/extras.wlk","timeElapsed":294,"timestamp":"2024-09-24T00:00:02.381Z"}
{"level":"info","message":"⌛ Validating src/extras.wlk","timeElapsed":251,"timestamp":"2024-09-24T00:00:02.632Z"}
{"level":"info","message":"⌛ Building environment","timeElapsed":171,"timestamp":"2024-09-24T00:00:02.803Z"}
{"level":"info","message":"⌛ Validating src/extras.wlk","timeElapsed":246,"timestamp":"2024-09-24T00:00:03.050Z"}
{"level":"info","message":"⌛ Validating src/extras.wlk","timeElapsed":229,"timestamp":"2024-09-24T00:00:03.289Z"}
{"level":"info","message":"⌛ Validating src/extras.wlk","timeElapsed":227,"timestamp":"2024-09-24T00:00:03.517Z"}
{"level":"info","message":"⌛ Validating src/extras.wlk","timeElapsed":220,"timestamp":"2024-09-24T00:00:03.738Z"}
{"level":"info","message":"⌛ Validating src/extras.wlk","timeElapsed":219,"timestamp":"2024-09-24T00:00:03.958Z"}
{"level":"info","message":"⌛ Validating src/extras.wlk","timeElapsed":219,"timestamp":"2024-09-24T00:00:04.178Z"}
{"level":"info","message":"⌛ Validating src/extras.wlk","timeElapsed":206,"timestamp":"2024-09-24T00:00:04.384Z"}
{"level":"info","message":"⌛ Validating src/extras.wlk","timeElapsed":209,"timestamp":"2024-09-24T00:00:04.594Z"}
{"level":"info","message":"⌛ Validating src/extras.wlk","timeElapsed":212,"timestamp":"2024-09-24T00:00:04.805Z"}
{"level":"info","message":"⌛ Validating src/extras.wlk","timeElapsed":218,"timestamp":"2024-09-24T00:00:05.023Z"}
{"level":"info","message":"⌛ Validating src/extras.wlk","timeElapsed":198,"timestamp":"2024-09-24T00:00:05.222Z"}
{"level":"info","message":"⌛ Validating src/extras.wlk","timeElapsed":210,"timestamp":"2024-09-24T00:00:05.431Z"}
{"level":"info","message":"⌛ Validating src/extras.wlk","timeElapsed":331,"timestamp":"2024-09-24T00:00:05.764Z"}
{"level":"info","message":"⌛ Validating src/extras.wlk","timeElapsed":287,"timestamp":"2024-09-24T00:00:06.080Z"}
{"level":"info","message":"⌛ Validating src/extras.wlk","timeElapsed":273,"timestamp":"2024-09-24T00:00:06.354Z"}
{"level":"info","message":"⌛ Building environment","timeElapsed":297,"timestamp":"2024-09-24T00:00:06.652Z"}
{"level":"info","message":"⌛ Validating src/extras.wlk","timeElapsed":291,"timestamp":"2024-09-24T00:00:06.961Z"}
{"level":"info","message":"⌛ Validating src/extras.wlk","timeElapsed":257,"timestamp":"2024-09-24T00:00:07.267Z"}
{"level":"info","message":"⌛ Validating src/extras.wlk","timeElapsed":265,"timestamp":"2024-09-24T00:00:07.538Z"}
{"level":"info","message":"⌛ Building environment","timeElapsed":177,"timestamp":"2024-09-24T00:00:07.859Z"}
{"level":"info","message":"⌛ Building environment","timeElapsed":168,"timestamp":"2024-09-24T00:00:08.079Z"}
{"level":"info","message":"⌛ Validating src/extras.wlk","timeElapsed":237,"timestamp":"2024-09-24T00:00:08.316Z"}
{"level":"info","message":"onRequest - completionItem/resolve","timestamp":"2024-09-24T00:00:08.317Z"}
{"level":"info","message":"⌛ Building environment","timeElapsed":193,"timestamp":"2024-09-24T00:00:08.511Z"}
{"level":"info","message":"onRequest - completionItem/resolve","timestamp":"2024-09-24T00:00:08.512Z"}
{"level":"info","message":"⌛ Validating src/extras.wlk","timeElapsed":262,"timestamp":"2024-09-24T00:00:08.774Z"}
{"level":"info","message":"⌛ Building environment","timeElapsed":181,"timestamp":"2024-09-24T00:00:08.958Z"}
{"level":"info","message":"onRequest - completionItem/resolve","timestamp":"2024-09-24T00:00:08.959Z"}
{"level":"info","message":"⌛ Building environment","timeElapsed":268,"timestamp":"2024-09-24T00:00:09.228Z"}
{"level":"info","message":"onRequest - completionItem/resolve","timestamp":"2024-09-24T00:00:09.228Z"}
{"level":"info","message":"⌛ Validating src/extras.wlk","timeElapsed":264,"timestamp":"2024-09-24T00:00:09.493Z"}
{"level":"info","message":"⌛ Building environment","timeElapsed":181,"timestamp":"2024-09-24T00:00:09.674Z"}
{"level":"info","message":"onRequest - completionItem/resolve","timestamp":"2024-09-24T00:00:09.675Z"}
{"level":"info","message":"⌛ Building environment","timeElapsed":181,"timestamp":"2024-09-24T00:00:09.857Z"}
{"level":"info","message":"onRequest - completionItem/resolve","timestamp":"2024-09-24T00:00:09.858Z"}
{"level":"info","message":"⌛ Building environment","timeElapsed":173,"timestamp":"2024-09-24T00:00:10.031Z"}
{"level":"info","message":"onRequest - completionItem/resolve","timestamp":"2024-09-24T00:00:10.038Z"}
{"level":"info","message":"⌛ Validating src/extras.wlk","timeElapsed":269,"timestamp":"2024-09-24T00:00:10.308Z"}
{"level":"info","message":"⌛ Building environment","timeElapsed":199,"timestamp":"2024-09-24T00:00:10.507Z"}
{"level":"info","message":"onRequest - completionItem/resolve","timestamp":"2024-09-24T00:00:10.508Z"}
{"level":"info","message":"⌛ Validating src/extras.wlk","timeElapsed":421,"timestamp":"2024-09-24T00:00:10.930Z"}
{"level":"info","message":"⌛ Building environment","timeElapsed":240,"timestamp":"2024-09-24T00:00:11.171Z"}
{"level":"info","message":"⌛ Validating src/extras.wlk","timeElapsed":308,"timestamp":"2024-09-24T00:00:11.548Z"}
{"level":"info","message":"⌛ Validating src/extras.wlk","timeElapsed":290,"timestamp":"2024-09-24T00:00:11.842Z"}
{"level":"info","message":"⌛ Validating src/extras.wlk","timeElapsed":317,"timestamp":"2024-09-24T00:00:12.159Z"}
{"level":"info","message":"⌛ Validating src/extras.wlk","timeElapsed":346,"timestamp":"2024-09-24T00:00:12.506Z"}
{"level":"info","message":"⌛ Validating src/extras.wlk","timeElapsed":343,"timestamp":"2024-09-24T00:00:12.850Z"}
{"level":"info","message":"onRequest - completionItem/resolve","timestamp":"2024-09-24T00:00:12.851Z"}
{"level":"info","message":"⌛ Building environment","timeElapsed":216,"timestamp":"2024-09-24T00:00:13.068Z"}
{"level":"info","message":"onRequest - completionItem/resolve","timestamp":"2024-09-24T00:00:13.069Z"}
{"level":"info","message":"⌛ Building environment","timeElapsed":216,"timestamp":"2024-09-24T00:00:13.286Z"}
{"level":"info","message":"onRequest - completionItem/resolve","timestamp":"2024-09-24T00:00:13.287Z"}
{"level":"info","message":"⌛ Building environment","timeElapsed":207,"timestamp":"2024-09-24T00:00:13.495Z"}
{"level":"info","message":"onRequest - completionItem/resolve","timestamp":"2024-09-24T00:00:13.503Z"}
{"level":"info","message":"⌛ Building environment","timeElapsed":209,"timestamp":"2024-09-24T00:00:13.713Z"}
{"level":"info","message":"onRequest - completionItem/resolve","timestamp":"2024-09-24T00:00:13.714Z"}
{"level":"info","message":"⌛ Building environment","timeElapsed":200,"timestamp":"2024-09-24T00:00:13.915Z"}
{"level":"info","message":"onRequest - completionItem/resolve","timestamp":"2024-09-24T00:00:13.916Z"}
{"level":"info","message":"⌛ Building environment","timeElapsed":389,"timestamp":"2024-09-24T00:00:14.315Z"}
{"level":"info","message":"⌛ Building environment","timeElapsed":207,"timestamp":"2024-09-24T00:00:14.530Z"}
{"level":"info","message":"⌛ Validating src/extras.wlk","timeElapsed":279,"timestamp":"2024-09-24T00:00:14.810Z"}
{"level":"info","message":"⌛ Validating src/extras.wlk","timeElapsed":293,"timestamp":"2024-09-24T00:00:15.104Z"}
{"level":"info","message":"⌛ Validating src/extras.wlk","timeElapsed":265,"timestamp":"2024-09-24T00:00:15.382Z"}
{"level":"info","message":"⌛ Validating src/extras.wlk","timeElapsed":248,"timestamp":"2024-09-24T00:00:15.632Z"}
{"level":"info","message":"⌛ Validating src/extras.wlk","timeElapsed":225,"timestamp":"2024-09-24T00:00:15.859Z"}
{"level":"info","message":"⌛ Validating src/extras.wlk","timeElapsed":233,"timestamp":"2024-09-24T00:00:16.093Z"}
{"level":"info","message":"⌛ Validating src/extras.wlk","timeElapsed":249,"timestamp":"2024-09-24T00:00:16.343Z"}
{"level":"info","message":"⌛ Building environment","timeElapsed":112,"timestamp":"2024-09-24T00:00:19.395Z"}
{"level":"info","message":"⌛ Validating src/extras.wlk","timeElapsed":170,"timestamp":"2024-09-24T00:00:19.566Z"}
{"level":"info","message":"⌛ Building environment","timeElapsed":106,"timestamp":"2024-09-24T00:00:22.374Z"}
{"level":"error","message":"✘ Completions for node failed: Error: [Send]{bb79b8} at src/extras.wlk:31 exhausted all cases without a match [Send]{bb79b8} at src/extras.wlk:31 exhausted all cases without a match","stack":"Error: [Send]{bb79b8} at src/extras.wlk:31 exhausted all cases without a match\n    at /home/leo/.vscode/extensions/uqbar.wollok-lsp-ide-0.3.4/node_modules/wollok-ts/dist/extensions.js:85:11\n    at completionsForNode (/home/leo/.vscode/extensions/uqbar.wollok-lsp-ide-0.3.4/server/out/functionalities/autocomplete/node-completion.js:10:44)\n    at /home/leo/.vscode/extensions/uqbar.wollok-lsp-ide-0.3.4/server/out/functionalities/autocomplete/autocomplete.js:26:154\n    at /home/leo/.vscode/extensions/uqbar.wollok-lsp-ide-0.3.4/server/out/server.js:198:20\n    at /home/leo/.vscode/extensions/uqbar.wollok-lsp-ide-0.3.4/server/node_modules/vscode-languageserver/lib/common/server.js:593:20\n    at handleRequest (/home/leo/.vscode/extensions/uqbar.wollok-lsp-ide-0.3.4/server/node_modules/vscode-jsonrpc/lib/common/connection.js:493:41)\n    at handleMessage (/home/leo/.vscode/extensions/uqbar.wollok-lsp-ide-0.3.4/server/node_modules/vscode-jsonrpc/lib/common/connection.js:339:13)\n    at processMessageQueue (/home/leo/.vscode/extensions/uqbar.wollok-lsp-ide-0.3.4/server/node_modules/vscode-jsonrpc/lib/common/connection.js:362:17)\n    at Immediate._onImmediate (/home/leo/.vscode/extensions/uqbar.wollok-lsp-ide-0.3.4/server/node_modules/vscode-jsonrpc/lib/common/connection.js:334:13)\n    at process.processImmediate (node:internal/timers:478:21)","timestamp":"2024-09-24T00:00:22.402Z"}
{"level":"info","message":"⌛ Validating src/extras.wlk","timeElapsed":167,"timestamp":"2024-09-24T00:00:22.571Z"}
{"level":"info","message":"⌛ Building environment","timeElapsed":129,"timestamp":"2024-09-24T00:00:22.701Z"}
{"level":"info","message":"onRequest - completionItem/resolve","timestamp":"2024-09-24T00:00:22.701Z"}
{"level":"info","message":"⌛ Building environment","timeElapsed":146,"timestamp":"2024-09-24T00:00:22.848Z"}
{"level":"info","message":"onRequest - completionItem/resolve","timestamp":"2024-09-24T00:00:22.848Z"}
{"level":"info","message":"⌛ Building environment","timeElapsed":146,"timestamp":"2024-09-24T00:00:22.995Z"}
{"level":"info","message":"⌛ Validating src/extras.wlk","timeElapsed":213,"timestamp":"2024-09-24T00:00:23.215Z"}
{"level":"error","message":"✘ Completions for node failed: Error: [Send]{d95294} at src/extras.wlk:31 exhausted all cases without a match [Send]{d95294} at src/extras.wlk:31 exhausted all cases without a match","stack":"Error: [Send]{d95294} at src/extras.wlk:31 exhausted all cases without a match\n    at /home/leo/.vscode/extensions/uqbar.wollok-lsp-ide-0.3.4/node_modules/wollok-ts/dist/extensions.js:85:11\n    at completionsForNode (/home/leo/.vscode/extensions/uqbar.wollok-lsp-ide-0.3.4/server/out/functionalities/autocomplete/node-completion.js:10:44)\n    at /home/leo/.vscode/extensions/uqbar.wollok-lsp-ide-0.3.4/server/out/functionalities/autocomplete/autocomplete.js:26:154\n    at /home/leo/.vscode/extensions/uqbar.wollok-lsp-ide-0.3.4/server/out/server.js:198:20\n    at /home/leo/.vscode/extensions/uqbar.wollok-lsp-ide-0.3.4/server/node_modules/vscode-languageserver/lib/common/server.js:593:20\n    at handleRequest (/home/leo/.vscode/extensions/uqbar.wollok-lsp-ide-0.3.4/server/node_modules/vscode-jsonrpc/lib/common/connection.js:493:41)\n    at handleMessage (/home/leo/.vscode/extensions/uqbar.wollok-lsp-ide-0.3.4/server/node_modules/vscode-jsonrpc/lib/common/connection.js:339:13)\n    at processMessageQueue (/home/leo/.vscode/extensions/uqbar.wollok-lsp-ide-0.3.4/server/node_modules/vscode-jsonrpc/lib/common/connection.js:362:17)\n    at Immediate._onImmediate (/home/leo/.vscode/extensions/uqbar.wollok-lsp-ide-0.3.4/server/node_modules/vscode-jsonrpc/lib/common/connection.js:334:13)\n    at process.processImmediate (node:internal/timers:478:21)","timestamp":"2024-09-24T00:00:23.250Z"}
{"level":"info","message":"⌛ Building environment","timeElapsed":153,"timestamp":"2024-09-24T00:00:23.407Z"}
{"level":"info","message":"⌛ Building environment","timeElapsed":160,"timestamp":"2024-09-24T00:00:23.567Z"}
{"level":"info","message":"⌛ Validating src/extras.wlk","timeElapsed":240,"timestamp":"2024-09-24T00:00:23.807Z"}
{"level":"info","message":"⌛ Validating src/extras.wlk","timeElapsed":243,"timestamp":"2024-09-24T00:00:24.053Z"}
{"level":"info","message":"⌛ Validating src/extras.wlk","timeElapsed":236,"timestamp":"2024-09-24T00:00:24.298Z"}
{"level":"info","message":"⌛ Validating src/extras.wlk","timeElapsed":241,"timestamp":"2024-09-24T00:00:24.540Z"}
{"level":"info","message":"⌛ Building environment","timeElapsed":130,"timestamp":"2024-09-24T00:00:29.457Z"}
{"level":"info","message":"⌛ Validating src/extras.wlk","timeElapsed":191,"timestamp":"2024-09-24T00:00:29.650Z"}
{"level":"info","message":"⌛ Building environment","timeElapsed":123,"timestamp":"2024-09-24T00:00:29.792Z"}
{"level":"info","message":"⌛ Validating src/extras.wlk","timeElapsed":184,"timestamp":"2024-09-24T00:00:29.982Z"}
{"level":"info","message":"⌛ Building environment","timeElapsed":147,"timestamp":"2024-09-24T00:00:31.733Z"}
{"level":"info","message":"⌛ Validating src/extras.wlk","timeElapsed":252,"timestamp":"2024-09-24T00:00:31.986Z"}
{"level":"info","message":"⌛ Building environment","timeElapsed":157,"timestamp":"2024-09-24T00:00:32.153Z"}
{"level":"info","message":"⌛ Validating src/extras.wlk","timeElapsed":242,"timestamp":"2024-09-24T00:00:32.397Z"}
{"level":"info","message":"⌛ Building environment","timeElapsed":174,"timestamp":"2024-09-24T00:00:32.581Z"}
{"level":"info","message":"⌛ Building environment","timeElapsed":248,"timestamp":"2024-09-24T00:00:32.881Z"}
{"level":"info","message":"⌛ Building environment","timeElapsed":191,"timestamp":"2024-09-24T00:00:33.072Z"}
{"level":"info","message":"⌛ Validating src/extras.wlk","timeElapsed":296,"timestamp":"2024-09-24T00:00:33.376Z"}
{"level":"info","message":"⌛ Building environment","timeElapsed":290,"timestamp":"2024-09-24T00:00:33.667Z"}
{"level":"info","message":"onRequest - completionItem/resolve","timestamp":"2024-09-24T00:00:33.668Z"}
{"level":"info","message":"⌛ Building environment","timeElapsed":295,"timestamp":"2024-09-24T00:00:33.964Z"}
{"level":"info","message":"onRequest - completionItem/resolve","timestamp":"2024-09-24T00:00:33.965Z"}
{"level":"info","message":"⌛ Building environment","timeElapsed":257,"timestamp":"2024-09-24T00:00:34.224Z"}
{"level":"info","message":"onRequest - completionItem/resolve","timestamp":"2024-09-24T00:00:34.232Z"}
{"level":"info","message":"⌛ Validating src/extras.wlk","timeElapsed":403,"timestamp":"2024-09-24T00:00:34.636Z"}
{"level":"info","message":"⌛ Building environment","timeElapsed":321,"timestamp":"2024-09-24T00:00:34.958Z"}
{"level":"info","message":"onRequest - completionItem/resolve","timestamp":"2024-09-24T00:00:34.959Z"}
{"level":"info","message":"⌛ Validating src/extras.wlk","timeElapsed":424,"timestamp":"2024-09-24T00:00:35.384Z"}
{"level":"info","message":"⌛ Building environment","timeElapsed":260,"timestamp":"2024-09-24T00:00:35.645Z"}
{"level":"info","message":"onRequest - completionItem/resolve","timestamp":"2024-09-24T00:00:35.646Z"}
{"level":"info","message":"⌛ Building environment","timeElapsed":352,"timestamp":"2024-09-24T00:00:35.998Z"}
{"level":"info","message":"onRequest - completionItem/resolve","timestamp":"2024-09-24T00:00:36.014Z"}
{"level":"info","message":"⌛ Building environment","timeElapsed":246,"timestamp":"2024-09-24T00:00:36.260Z"}
{"level":"info","message":"⌛ Validating src/extras.wlk","timeElapsed":323,"timestamp":"2024-09-24T00:00:36.660Z"}
{"level":"info","message":"⌛ Building environment","timeElapsed":256,"timestamp":"2024-09-24T00:00:36.917Z"}
{"level":"info","message":"⌛ Building environment","timeElapsed":199,"timestamp":"2024-09-24T00:00:37.125Z"}
{"level":"info","message":"⌛ Building environment","timeElapsed":200,"timestamp":"2024-09-24T00:00:37.326Z"}
{"level":"info","message":"⌛ Validating src/extras.wlk","timeElapsed":285,"timestamp":"2024-09-24T00:00:37.612Z"}
{"level":"info","message":"⌛ Building environment","timeElapsed":191,"timestamp":"2024-09-24T00:00:37.804Z"}
{"level":"info","message":"⌛ Building environment","timeElapsed":197,"timestamp":"2024-09-24T00:00:38.008Z"}
{"level":"info","message":"⌛ Validating src/extras.wlk","timeElapsed":289,"timestamp":"2024-09-24T00:00:38.296Z"}
{"level":"info","message":"⌛ Building environment","timeElapsed":177,"timestamp":"2024-09-24T00:00:38.473Z"}
{"level":"info","message":"⌛ Building environment","timeElapsed":207,"timestamp":"2024-09-24T00:00:38.689Z"}
{"level":"info","message":"⌛ Building environment","timeElapsed":183,"timestamp":"2024-09-24T00:00:38.873Z"}
{"level":"info","message":"⌛ Validating src/extras.wlk","timeElapsed":301,"timestamp":"2024-09-24T00:00:39.175Z"}
{"level":"info","message":"⌛ Validating src/extras.wlk","timeElapsed":275,"timestamp":"2024-09-24T00:00:39.462Z"}
{"level":"info","message":"⌛ Validating src/extras.wlk","timeElapsed":247,"timestamp":"2024-09-24T00:00:39.710Z"}
{"level":"info","message":"⌛ Validating src/extras.wlk","timeElapsed":272,"timestamp":"2024-09-24T00:00:39.982Z"}
{"level":"info","message":"⌛ Validating src/extras.wlk","timeElapsed":307,"timestamp":"2024-09-24T00:00:40.290Z"}
{"level":"info","message":"⌛ Validating src/extras.wlk","timeElapsed":267,"timestamp":"2024-09-24T00:00:40.559Z"}
{"level":"info","message":"⌛ Validating src/extras.wlk","timeElapsed":265,"timestamp":"2024-09-24T00:00:40.825Z"}
{"level":"info","message":"⌛ Validating src/extras.wlk","timeElapsed":300,"timestamp":"2024-09-24T00:00:41.125Z"}
{"level":"info","message":"⌛ Validating src/extras.wlk","timeElapsed":295,"timestamp":"2024-09-24T00:00:41.420Z"}
{"level":"info","message":"⌛ Validating src/extras.wlk","timeElapsed":466,"timestamp":"2024-09-24T00:00:41.888Z"}
{"level":"info","message":"⌛ Validating src/extras.wlk","timeElapsed":467,"timestamp":"2024-09-24T00:00:42.355Z"}
{"level":"info","message":"⌛ Validating src/extras.wlk","timeElapsed":348,"timestamp":"2024-09-24T00:00:42.704Z"}
{"level":"info","message":"⌛ Building environment","timeElapsed":166,"timestamp":"2024-09-24T00:00:59.135Z"}
{"level":"info","message":"⌛ Validating src/pepita.wlk","timeElapsed":163,"timestamp":"2024-09-24T00:00:59.300Z"}
{"level":"info","message":"⌛ Building environment","timeElapsed":170,"timestamp":"2024-09-24T00:01:00.703Z"}
{"level":"info","message":"⌛ Validating src/pepita.wlk","timeElapsed":229,"timestamp":"2024-09-24T00:01:00.944Z"}
{"level":"info","message":"⌛ Building environment","timeElapsed":183,"timestamp":"2024-09-24T00:01:01.128Z"}
{"level":"info","message":"⌛ Validating src/pepita.wlk","timeElapsed":209,"timestamp":"2024-09-24T00:01:01.339Z"}
{"level":"info","message":"⌛ Building environment","timeElapsed":199,"timestamp":"2024-09-24T00:01:01.691Z"}
{"level":"info","message":"⌛ Building environment","timeElapsed":185,"timestamp":"2024-09-24T00:01:01.876Z"}
{"level":"info","message":"⌛ Validating src/pepita.wlk","timeElapsed":238,"timestamp":"2024-09-24T00:01:02.115Z"}
{"level":"info","message":"⌛ Validating src/pepita.wlk","timeElapsed":231,"timestamp":"2024-09-24T00:01:02.347Z"}
{"level":"info","message":"⌛ Building environment","timeElapsed":217,"timestamp":"2024-09-24T00:01:02.603Z"}
{"level":"info","message":"⌛ Validating src/pepita.wlk","timeElapsed":247,"timestamp":"2024-09-24T00:01:02.852Z"}
{"level":"info","message":"⌛ Building environment","timeElapsed":185,"timestamp":"2024-09-24T00:01:03.496Z"}
{"level":"info","message":"⌛ Building environment","timeElapsed":220,"timestamp":"2024-09-24T00:01:03.717Z"}
{"level":"info","message":"⌛ Validating src/pepita.wlk","timeElapsed":237,"timestamp":"2024-09-24T00:01:03.955Z"}
{"level":"info","message":"⌛ Validating src/pepita.wlk","timeElapsed":238,"timestamp":"2024-09-24T00:01:04.202Z"}
{"level":"info","message":"⌛ Building environment","timeElapsed":177,"timestamp":"2024-09-24T00:01:04.454Z"}
{"level":"info","message":"⌛ Validating src/pepita.wlk","timeElapsed":241,"timestamp":"2024-09-24T00:01:04.698Z"}
{"level":"info","message":"⌛ Building environment","timeElapsed":274,"timestamp":"2024-09-24T00:01:04.981Z"}
{"level":"info","message":"⌛ Building environment","timeElapsed":291,"timestamp":"2024-09-24T00:01:05.280Z"}
{"level":"info","message":"⌛ Building environment","timeElapsed":253,"timestamp":"2024-09-24T00:01:05.543Z"}
{"level":"info","message":"⌛ Validating src/pepita.wlk","timeElapsed":313,"timestamp":"2024-09-24T00:01:05.865Z"}
{"level":"info","message":"⌛ Building environment","timeElapsed":315,"timestamp":"2024-09-24T00:01:06.181Z"}
{"level":"info","message":"⌛ Building environment","timeElapsed":390,"timestamp":"2024-09-24T00:01:06.586Z"}
{"level":"info","message":"⌛ Building environment","timeElapsed":317,"timestamp":"2024-09-24T00:01:06.915Z"}
{"level":"info","message":"⌛ Validating src/pepita.wlk","timeElapsed":398,"timestamp":"2024-09-24T00:01:07.324Z"}
{"level":"info","message":"⌛ Building environment","timeElapsed":358,"timestamp":"2024-09-24T00:01:07.683Z"}
{"level":"info","message":"⌛ Building environment","timeElapsed":251,"timestamp":"2024-09-24T00:01:07.943Z"}
{"level":"info","message":"⌛ Validating src/pepita.wlk","timeElapsed":295,"timestamp":"2024-09-24T00:01:08.247Z"}
{"level":"info","message":"⌛ Building environment","timeElapsed":252,"timestamp":"2024-09-24T00:01:08.508Z"}
{"level":"info","message":"⌛ Validating src/pepita.wlk","timeElapsed":287,"timestamp":"2024-09-24T00:01:08.807Z"}
{"level":"info","message":"⌛ Building environment","timeElapsed":271,"timestamp":"2024-09-24T00:01:09.080Z"}
{"level":"info","message":"⌛ Building environment","timeElapsed":241,"timestamp":"2024-09-24T00:01:09.322Z"}
{"level":"info","message":"⌛ Building environment","timeElapsed":228,"timestamp":"2024-09-24T00:01:09.551Z"}
{"level":"info","message":"⌛ Validating src/pepita.wlk","timeElapsed":267,"timestamp":"2024-09-24T00:01:09.818Z"}
{"level":"info","message":"⌛ Validating src/pepita.wlk","timeElapsed":251,"timestamp":"2024-09-24T00:01:10.070Z"}
{"level":"info","message":"⌛ Building environment","timeElapsed":215,"timestamp":"2024-09-24T00:01:10.286Z"}
{"level":"info","message":"⌛ Building environment","timeElapsed":277,"timestamp":"2024-09-24T00:01:10.564Z"}
{"level":"info","message":"⌛ Building environment","timeElapsed":216,"timestamp":"2024-09-24T00:01:10.789Z"}
{"level":"info","message":"⌛ Building environment","timeElapsed":215,"timestamp":"2024-09-24T00:01:11.005Z"}
{"level":"info","message":"⌛ Building environment","timeElapsed":219,"timestamp":"2024-09-24T00:01:11.225Z"}
{"level":"info","message":"⌛ Building environment","timeElapsed":202,"timestamp":"2024-09-24T00:01:11.428Z"}
{"level":"info","message":"⌛ Building environment","timeElapsed":723,"timestamp":"2024-09-24T00:01:12.161Z"}
{"level":"info","message":"⌛ Validating src/pepita.wlk","timeElapsed":414,"timestamp":"2024-09-24T00:01:12.577Z"}
{"level":"info","message":"⌛ Validating src/pepita.wlk","timeElapsed":320,"timestamp":"2024-09-24T00:01:12.911Z"}
{"level":"info","message":"⌛ Validating src/pepita.wlk","timeElapsed":276,"timestamp":"2024-09-24T00:01:13.188Z"}
{"level":"info","message":"⌛ Validating src/pepita.wlk","timeElapsed":268,"timestamp":"2024-09-24T00:01:13.456Z"}
{"level":"info","message":"⌛ Validating src/pepita.wlk","timeElapsed":244,"timestamp":"2024-09-24T00:01:13.699Z"}
{"level":"info","message":"⌛ Validating src/pepita.wlk","timeElapsed":245,"timestamp":"2024-09-24T00:01:13.944Z"}
{"level":"info","message":"⌛ Validating src/pepita.wlk","timeElapsed":243,"timestamp":"2024-09-24T00:01:14.188Z"}
{"level":"info","message":"⌛ Validating src/pepita.wlk","timeElapsed":244,"timestamp":"2024-09-24T00:01:14.432Z"}
{"level":"info","message":"⌛ Validating src/pepita.wlk","timeElapsed":256,"timestamp":"2024-09-24T00:01:14.689Z"}
{"level":"info","message":"⌛ Validating src/pepita.wlk","timeElapsed":254,"timestamp":"2024-09-24T00:01:14.944Z"}
{"level":"info","message":"⌛ Validating src/pepita.wlk","timeElapsed":235,"timestamp":"2024-09-24T00:01:15.180Z"}
{"level":"info","message":"⌛ Validating src/pepita.wlk","timeElapsed":225,"timestamp":"2024-09-24T00:01:15.405Z"}
{"level":"info","message":"⌛ Validating src/pepita.wlk","timeElapsed":248,"timestamp":"2024-09-24T00:01:15.653Z"}
{"level":"info","message":"⌛ Building environment","timeElapsed":165,"timestamp":"2024-09-24T00:01:40.618Z"}
{"level":"info","message":"⌛ Validating src/pepita.wlk","timeElapsed":198,"timestamp":"2024-09-24T00:01:40.819Z"}
{"level":"info","message":"⌛ Building environment","timeElapsed":245,"timestamp":"2024-09-24T00:01:41.066Z"}
{"level":"info","message":"⌛ Building environment","timeElapsed":190,"timestamp":"2024-09-24T00:01:41.266Z"}
{"level":"info","message":"⌛ Validating src/pepita.wlk","timeElapsed":266,"timestamp":"2024-09-24T00:01:41.533Z"}
{"level":"info","message":"⌛ Validating src/pepita.wlk","timeElapsed":249,"timestamp":"2024-09-24T00:01:41.783Z"}
{"level":"info","message":"⌛ Building environment","timeElapsed":244,"timestamp":"2024-09-24T00:01:42.027Z"}
{"level":"info","message":"⌛ Building environment","timeElapsed":590,"timestamp":"2024-09-24T00:01:42.619Z"}
{"level":"info","message":"⌛ Building environment","timeElapsed":363,"timestamp":"2024-09-24T00:01:42.984Z"}
{"level":"info","message":"⌛ Validating src/pepita.wlk","timeElapsed":405,"timestamp":"2024-09-24T00:01:43.405Z"}
{"level":"info","message":"⌛ Building environment","timeElapsed":350,"timestamp":"2024-09-24T00:01:43.757Z"}
{"level":"info","message":"⌛ Validating src/pepita.wlk","timeElapsed":442,"timestamp":"2024-09-24T00:01:44.212Z"}
{"level":"info","message":"⌛ Validating src/pepita.wlk","timeElapsed":312,"timestamp":"2024-09-24T00:01:44.537Z"}
{"level":"info","message":"⌛ Building environment","timeElapsed":292,"timestamp":"2024-09-24T00:01:44.830Z"}
{"level":"info","message":"⌛ Building environment","timeElapsed":295,"timestamp":"2024-09-24T00:01:45.136Z"}
{"level":"info","message":"⌛ Validating src/pepita.wlk","timeElapsed":323,"timestamp":"2024-09-24T00:01:45.460Z"}
{"level":"info","message":"⌛ Building environment","timeElapsed":351,"timestamp":"2024-09-24T00:01:45.915Z"}
{"level":"info","message":"⌛ Validating src/pepita.wlk","timeElapsed":363,"timestamp":"2024-09-24T00:01:46.313Z"}
{"level":"info","message":"⌛ Validating src/pepita.wlk","timeElapsed":341,"timestamp":"2024-09-24T00:01:46.655Z"}
{"level":"info","message":"⌛ Validating src/pepita.wlk","timeElapsed":312,"timestamp":"2024-09-24T00:01:46.968Z"}
{"level":"info","message":"⌛ Building environment","timeElapsed":124,"timestamp":"2024-09-24T00:02:03.107Z"}
{"level":"info","message":"⌛ Validating src/pepita.wlk","timeElapsed":151,"timestamp":"2024-09-24T00:02:03.262Z"}
{"level":"info","message":"⌛ Building environment","timeElapsed":146,"timestamp":"2024-09-24T00:02:06.291Z"}
{"level":"info","message":"⌛ Validating src/pepita.wlk","timeElapsed":178,"timestamp":"2024-09-24T00:02:06.470Z"}
{"level":"info","message":"⌛ Building environment","timeElapsed":129,"timestamp":"2024-09-24T00:02:16.214Z"}
{"level":"info","message":"⌛ Validating src/pepitaGame.wpgm","timeElapsed":164,"timestamp":"2024-09-24T00:02:16.379Z"}
{"level":"info","message":"⌛ Building environment","timeElapsed":123,"timestamp":"2024-09-24T00:02:16.503Z"}
{"level":"info","message":"⌛ Validating src/pepitaGame.wpgm","timeElapsed":183,"timestamp":"2024-09-24T00:02:16.687Z"}
{"level":"info","message":"⌛ Building environment","timeElapsed":148,"timestamp":"2024-09-24T00:02:17.913Z"}
{"level":"info","message":"⌛ Validating src/pepitaGame.wpgm","timeElapsed":218,"timestamp":"2024-09-24T00:02:18.132Z"}
{"level":"info","message":"⌛ Building environment","timeElapsed":111,"timestamp":"2024-09-24T00:02:27.886Z"}
{"level":"info","message":"⌛ Validating src/pepitaGame.wpgm","timeElapsed":167,"timestamp":"2024-09-24T00:02:28.055Z"}
{"level":"info","message":"⌛ Building environment","timeElapsed":110,"timestamp":"2024-09-24T00:02:41.152Z"}
{"level":"info","message":"⌛ Validating src/comidas.wlk","timeElapsed":164,"timestamp":"2024-09-24T00:02:41.322Z"}
{"level":"info","message":"⌛ Building environment","timeElapsed":148,"timestamp":"2024-09-24T00:02:41.470Z"}
{"level":"info","message":"⌛ Validating src/comidas.wlk","timeElapsed":179,"timestamp":"2024-09-24T00:02:41.650Z"}
{"level":"info","message":"⌛ Building environment","timeElapsed":103,"timestamp":"2024-09-24T00:02:45.186Z"}
{"level":"info","message":"⌛ Validating src/comidas.wlk","timeElapsed":172,"timestamp":"2024-09-24T00:02:45.358Z"}
{"level":"info","message":"⌛ Building environment","timeElapsed":301,"timestamp":"2024-09-24T00:02:59.801Z"}
{"level":"info","message":"⌛ Validating src/pepitaGame.wpgm","timeElapsed":308,"timestamp":"2024-09-24T00:03:00.111Z"}
{"level":"info","message":"⌛ Validating src/pepita.wlk","timeElapsed":223,"timestamp":"2024-09-24T00:03:00.335Z"}
{"level":"info","message":"⌛ Validating src/comidas.wlk","timeElapsed":238,"timestamp":"2024-09-24T00:03:00.573Z"}
{"level":"info","message":"⌛ Validating src/posiciones.wlk","timeElapsed":226,"timestamp":"2024-09-24T00:03:00.799Z"}
{"level":"info","message":"⌛ Validating src/extras.wlk","timeElapsed":227,"timestamp":"2024-09-24T00:03:01.027Z"}
